<?xml version="1.0" encoding="UTF-8"?>
<!-- Generated by org.testng.reporters.JUnitReportReporter -->
<testsuite hostname="LTIN487458" failures="0" tests="2" name="testCases.TC_010_ValidatCampusOfCoursera" time="70.259" errors="0" timestamp="2024-02-28T23:14:36 IST" skipped="0">
  <testcase classname="testCases.TC_010_ValidatCampusOfCoursera" name="ValidatCampusOfCoursera" time="40.862"/>
  <system-out/>
  <testcase classname="testCases.TC_010_ValidatCampusOfCoursera" name="ValidatCampusOfCoursera" time="29.397"/>
  <system-out/>
</testsuite> <!-- testCases.TC_010_ValidatCampusOfCoursera -->
