<?xml version="1.0" encoding="UTF-8"?>
<!-- Generated by org.testng.reporters.JUnitReportReporter -->
<testsuite hostname="LTIN487458" failures="0" tests="2" name="testCases.TC_005_ExtractCourseNameWithRating" time="84.203" errors="0" timestamp="2024-02-28T23:14:36 IST" skipped="0">
  <testcase classname="testCases.TC_005_ExtractCourseNameWithRating" name="ExtractCoursesWithRating" time="40.198"/>
  <system-out/>
  <testcase classname="testCases.TC_005_ExtractCourseNameWithRating" name="ExtractCoursesWithRating" time="44.005"/>
  <system-out/>
</testsuite> <!-- testCases.TC_005_ExtractCourseNameWithRating -->
