<?xml version="1.0" encoding="UTF-8"?>
<!-- Generated by org.testng.reporters.JUnitReportReporter -->
<testsuite hostname="LTIN487458" failures="0" tests="2" name="testCases.TC_008_LevelsOfLanguages" time="89.184" errors="0" timestamp="2024-02-28T23:14:36 IST" skipped="0">
  <testcase classname="testCases.TC_008_LevelsOfLanguages" name="LanguageLevels" time="44.908"/>
  <system-out/>
  <testcase classname="testCases.TC_008_LevelsOfLanguages" name="LanguageLevels" time="44.276"/>
  <system-out/>
</testsuite> <!-- testCases.TC_008_LevelsOfLanguages -->
