<?xml version="1.0" encoding="UTF-8"?>
<!-- Generated by org.testng.reporters.JUnitReportReporter -->
<testsuite hostname="LTIN487458" failures="0" tests="2" name="testCases.TC_003_SetupBeginnersLevel" time="72.081" errors="0" timestamp="2024-02-28T23:14:36 IST" skipped="0">
  <testcase classname="testCases.TC_003_SetupBeginnersLevel" name="BeginnersLevel" time="42.596"/>
  <system-out/>
  <testcase classname="testCases.TC_003_SetupBeginnersLevel" name="BeginnersLevel" time="29.485"/>
  <system-out/>
</testsuite> <!-- testCases.TC_003_SetupBeginnersLevel -->
