<?xml version="1.0" encoding="UTF-8"?>
<!-- Generated by org.testng.reporters.JUnitReportReporter -->
<testsuite hostname="LTIN487458" failures="0" tests="2" name="testCases.TC_011_EnteringData" time="115.645" errors="0" timestamp="2024-02-28T23:14:36 IST" skipped="0">
  <testcase classname="testCases.TC_011_EnteringData" name="ValidatCampusOfCoursera" time="66.634"/>
  <system-out/>
  <testcase classname="testCases.TC_011_EnteringData" name="ValidatCampusOfCoursera" time="49.011"/>
  <system-out/>
</testsuite> <!-- testCases.TC_011_EnteringData -->
