<?xml version="1.0" encoding="UTF-8"?>
<!-- Generated by org.testng.reporters.JUnitReportReporter -->
<testsuite hostname="LTIN487458" failures="0" tests="2" name="testCases.TC_006_ExtractCourseNameWithDuration" time="118.989" errors="0" timestamp="2024-02-28T23:14:36 IST" skipped="0">
  <testcase classname="testCases.TC_006_ExtractCourseNameWithDuration" name="CourseWithDuration" time="71.162"/>
  <system-out/>
  <testcase classname="testCases.TC_006_ExtractCourseNameWithDuration" name="CourseWithDuration" time="47.827"/>
  <system-out/>
</testsuite> <!-- testCases.TC_006_ExtractCourseNameWithDuration -->
