<?xml version="1.0" encoding="UTF-8"?>
<!-- Generated by org.testng.reporters.JUnitReportReporter -->
<testsuite hostname="LTIN487458" failures="0" tests="20" name="testCases.TC_015_DataDrivenandPostiveAndNegativeTesting" time="1441.025" errors="0" timestamp="2024-02-28T23:14:36 IST" skipped="0">
  <testcase classname="testCases.TC_015_DataDrivenandPostiveAndNegativeTesting" name="verify_loginDDT" time="69.622"/>
  <system-out/>
  <testcase classname="testCases.TC_015_DataDrivenandPostiveAndNegativeTesting" name="verify_loginDDT" time="74.134"/>
  <system-out/>
  <testcase classname="testCases.TC_015_DataDrivenandPostiveAndNegativeTesting" name="verify_loginDDT" time="63.213"/>
  <system-out/>
  <testcase classname="testCases.TC_015_DataDrivenandPostiveAndNegativeTesting" name="verify_loginDDT" time="73.625"/>
  <system-out/>
  <testcase classname="testCases.TC_015_DataDrivenandPostiveAndNegativeTesting" name="verify_loginDDT" time="82.932"/>
  <system-out/>
  <testcase classname="testCases.TC_015_DataDrivenandPostiveAndNegativeTesting" name="verify_loginDDT" time="66.947"/>
  <system-out/>
  <testcase classname="testCases.TC_015_DataDrivenandPostiveAndNegativeTesting" name="verify_loginDDT" time="81.993"/>
  <system-out/>
  <testcase classname="testCases.TC_015_DataDrivenandPostiveAndNegativeTesting" name="verify_loginDDT" time="61.436"/>
  <system-out/>
  <testcase classname="testCases.TC_015_DataDrivenandPostiveAndNegativeTesting" name="verify_loginDDT" time="75.433"/>
  <system-out/>
  <testcase classname="testCases.TC_015_DataDrivenandPostiveAndNegativeTesting" name="verify_loginDDT" time="70.168"/>
  <system-out/>
  <testcase classname="testCases.TC_015_DataDrivenandPostiveAndNegativeTesting" name="verify_loginDDT" time="85.250"/>
  <system-out/>
  <testcase classname="testCases.TC_015_DataDrivenandPostiveAndNegativeTesting" name="verify_loginDDT" time="62.981"/>
  <system-out/>
  <testcase classname="testCases.TC_015_DataDrivenandPostiveAndNegativeTesting" name="verify_loginDDT" time="62.067"/>
  <system-out/>
  <testcase classname="testCases.TC_015_DataDrivenandPostiveAndNegativeTesting" name="verify_loginDDT" time="63.331"/>
  <system-out/>
  <testcase classname="testCases.TC_015_DataDrivenandPostiveAndNegativeTesting" name="verify_loginDDT" time="73.575"/>
  <system-out/>
  <testcase classname="testCases.TC_015_DataDrivenandPostiveAndNegativeTesting" name="verify_loginDDT" time="69.722"/>
  <system-out/>
  <testcase classname="testCases.TC_015_DataDrivenandPostiveAndNegativeTesting" name="verify_loginDDT" time="66.963"/>
  <system-out/>
  <testcase classname="testCases.TC_015_DataDrivenandPostiveAndNegativeTesting" name="verify_loginDDT" time="72.044"/>
  <system-out/>
  <testcase classname="testCases.TC_015_DataDrivenandPostiveAndNegativeTesting" name="verify_loginDDT" time="87.650"/>
  <system-out/>
  <testcase classname="testCases.TC_015_DataDrivenandPostiveAndNegativeTesting" name="verify_loginDDT" time="77.939"/>
  <system-out/>
</testsuite> <!-- testCases.TC_015_DataDrivenandPostiveAndNegativeTesting -->
