<?xml version="1.0" encoding="UTF-8"?>
<!-- Generated by org.testng.reporters.JUnitReportReporter -->
<testsuite hostname="LTIN487458" failures="0" tests="2" name="testCases.TC_004_SetupEnglishLevel" time="59.330" errors="0" timestamp="2024-02-28T23:14:36 IST" skipped="0">
  <testcase classname="testCases.TC_004_SetupEnglishLevel" name="languageSetup" time="32.225"/>
  <system-out/>
  <testcase classname="testCases.TC_004_SetupEnglishLevel" name="languageSetup" time="27.105"/>
  <system-out/>
</testsuite> <!-- testCases.TC_004_SetupEnglishLevel -->
