<?xml version="1.0" encoding="UTF-8"?>
<!-- Generated by org.testng.reporters.JUnitReportReporter -->
<testsuite hostname="LTIN487458" failures="0" tests="2" name="testCases.TC_009_LanguageNames" time="114.292" errors="0" timestamp="2024-02-28T23:14:36 IST" skipped="0">
  <testcase classname="testCases.TC_009_LanguageNames" name="LanguagesNames" time="38.491"/>
  <system-out/>
  <testcase classname="testCases.TC_009_LanguageNames" name="LanguagesNames" time="75.801"/>
  <system-out/>
</testsuite> <!-- testCases.TC_009_LanguageNames -->
