<?xml version="1.0" encoding="UTF-8"?>
<!-- Generated by org.testng.reporters.JUnitReportReporter -->
<testsuite hostname="LTIN487458" failures="0" tests="2" name="testCases.TC_014_SubmittingtheFormWithCorrectData" time="141.717" errors="0" timestamp="2024-02-28T23:14:36 IST" skipped="0">
  <testcase classname="testCases.TC_014_SubmittingtheFormWithCorrectData" name="SubmittingtheFormWithCorrectData" time="68.216"/>
  <system-out/>
  <testcase classname="testCases.TC_014_SubmittingtheFormWithCorrectData" name="SubmittingtheFormWithCorrectData" time="73.501"/>
  <system-out/>
</testsuite> <!-- testCases.TC_014_SubmittingtheFormWithCorrectData -->
