<?xml version="1.0" encoding="UTF-8"?>
<!-- Generated by org.testng.reporters.JUnitReportReporter -->
<testsuite hostname="LTIN487458" failures="0" tests="1" name="testCases.TC_002_isthisWebApplicationCourses" time="87.398" errors="0" timestamp="2024-02-28T17:04:46 IST" skipped="0">
  <testcase classname="testCases.TC_002_isthisWebApplicationCourses" name="WebApplicationCourses" time="87.398"/>
</testsuite> <!-- testCases.TC_002_isthisWebApplicationCourses -->
