<?xml version="1.0" encoding="UTF-8"?>
<!-- Generated by org.testng.reporters.JUnitReportReporter -->
<testsuite hostname="LTIN487458" failures="0" tests="10" name="testCases.TC_015_DataDrivenandPostiveAndNegativeTesting" time="1783.245" errors="0" timestamp="2024-02-28T17:04:46 IST" skipped="0">
  <testcase classname="testCases.TC_015_DataDrivenandPostiveAndNegativeTesting" name="verify_loginDDT" time="186.798"/>
  <testcase classname="testCases.TC_015_DataDrivenandPostiveAndNegativeTesting" name="verify_loginDDT" time="174.062"/>
  <testcase classname="testCases.TC_015_DataDrivenandPostiveAndNegativeTesting" name="verify_loginDDT" time="132.844"/>
  <testcase classname="testCases.TC_015_DataDrivenandPostiveAndNegativeTesting" name="verify_loginDDT" time="186.628"/>
  <testcase classname="testCases.TC_015_DataDrivenandPostiveAndNegativeTesting" name="verify_loginDDT" time="191.112"/>
  <testcase classname="testCases.TC_015_DataDrivenandPostiveAndNegativeTesting" name="verify_loginDDT" time="186.576"/>
  <testcase classname="testCases.TC_015_DataDrivenandPostiveAndNegativeTesting" name="verify_loginDDT" time="189.174"/>
  <testcase classname="testCases.TC_015_DataDrivenandPostiveAndNegativeTesting" name="verify_loginDDT" time="172.737"/>
  <testcase classname="testCases.TC_015_DataDrivenandPostiveAndNegativeTesting" name="verify_loginDDT" time="171.404"/>
  <testcase classname="testCases.TC_015_DataDrivenandPostiveAndNegativeTesting" name="verify_loginDDT" time="191.910"/>
</testsuite> <!-- testCases.TC_015_DataDrivenandPostiveAndNegativeTesting -->
