<?xml version="1.0" encoding="UTF-8"?>
<!-- Generated by org.testng.reporters.JUnitReportReporter -->
<testsuite hostname="LTIN487458" failures="0" tests="1" name="testCases.TC_009_LanguageNames" time="110.956" errors="0" timestamp="2024-02-28T17:04:46 IST" skipped="0">
  <testcase classname="testCases.TC_009_LanguageNames" name="LanguagesNames" time="110.956"/>
</testsuite> <!-- testCases.TC_009_LanguageNames -->
